\BOOKMARK [1][-]{section.1}{Introduction}{}% 1
\BOOKMARK [1][-]{section.2}{Concept du jeu}{}% 2
\BOOKMARK [2][-]{subsection.2.1}{D\351veloppement du concept}{section.2}% 3
\BOOKMARK [3][-]{subsubsection.2.1.1}{La m\351canique \351conomique}{subsection.2.1}% 4
\BOOKMARK [3][-]{subsubsection.2.1.2}{Le personnage incarn\351 par le joueur}{subsection.2.1}% 5
\BOOKMARK [3][-]{subsubsection.2.1.3}{La monnaie du jeu}{subsection.2.1}% 6
\BOOKMARK [3][-]{subsubsection.2.1.4}{La temporalit\351 du jeu}{subsection.2.1}% 7
\BOOKMARK [2][-]{subsection.2.2}{Concept final}{section.2}% 8
\BOOKMARK [1][-]{section.3}{Le jeu}{}% 9
\BOOKMARK [2][-]{subsection.3.1}{Les \351l\351ments de l'\351cran principal}{section.3}% 10
\BOOKMARK [2][-]{subsection.3.2}{Les onglets du jeu}{section.3}% 11
\BOOKMARK [2][-]{subsection.3.3}{La vue des diff\351rentes r\351gions}{section.3}% 12
\BOOKMARK [2][-]{subsection.3.4}{Comment jouer}{section.3}% 13
\BOOKMARK [1][-]{section.4}{Fonctionnement du code}{}% 14
\BOOKMARK [2][-]{subsection.4.1}{Les technologies utilis\351es}{section.4}% 15
\BOOKMARK [2][-]{subsection.4.2}{La structure des fichiers \(voir annexe A\)}{section.4}% 16
\BOOKMARK [2][-]{subsection.4.3}{Le script d'entr\351e: main.js}{section.4}% 17
\BOOKMARK [2][-]{subsection.4.4}{Les propri\351t\351s globales : globals.js}{section.4}% 18
\BOOKMARK [2][-]{subsection.4.5}{Le fichier principal du jeu: game.js}{section.4}% 19
\BOOKMARK [3][-]{subsubsection.4.5.1}{Les states Phaser}{subsection.4.5}% 20
\BOOKMARK [3][-]{subsubsection.4.5.2}{La m\351thode gameState.create}{subsection.4.5}% 21
\BOOKMARK [3][-]{subsubsection.4.5.3}{La m\351thode gameState.update}{subsection.4.5}% 22
\BOOKMARK [2][-]{subsection.4.6}{Le gestionnaire de production: productionMgr.js}{section.4}% 23
\BOOKMARK [3][-]{subsubsection.4.6.1}{La m\351thode constructor}{subsection.4.6}% 24
\BOOKMARK [3][-]{subsubsection.4.6.2}{La m\351thode update}{subsection.4.6}% 25
\BOOKMARK [3][-]{subsubsection.4.6.3}{La m\351thode get mondioProduction}{subsection.4.6}% 26
\BOOKMARK [3][-]{subsubsection.4.6.4}{La m\351thode get globalWarming}{subsection.4.6}% 27
\BOOKMARK [2][-]{subsection.4.7}{Le gestionnaire du temps: timeMgr.js}{section.4}% 28
\BOOKMARK [3][-]{subsubsection.4.7.1}{La m\351thode constructor}{subsection.4.7}% 29
\BOOKMARK [3][-]{subsubsection.4.7.2}{La m\351thode get \137delay}{subsection.4.7}% 30
\BOOKMARK [3][-]{subsubsection.4.7.3}{La m\351thode startUpdate}{subsection.4.7}% 31
\BOOKMARK [3][-]{subsubsection.4.7.4}{La m\351thode \137yearUpdate}{subsection.4.7}% 32
\BOOKMARK [2][-]{subsection.4.8}{Le gestionnaire de recherche: researchMgr.js}{section.4}% 33
\BOOKMARK [3][-]{subsubsection.4.8.1}{La m\351thode constructor}{subsection.4.8}% 34
\BOOKMARK [3][-]{subsubsection.4.8.2}{La m\351thode increaseUnlockProb}{subsection.4.8}% 35
\BOOKMARK [3][-]{subsubsection.4.8.3}{La m\351thode \137rndUnlockUpdate}{subsection.4.8}% 36
\BOOKMARK [1][-]{section.5}{Conclusion}{}% 37
\BOOKMARK [2][-]{subsection.5.1}{Ce que j'aurais encore aim\351 ajouter au jeu}{section.5}% 38
\BOOKMARK [3][-]{subsubsection.5.1.1}{Diff\351rents modes de difficult\351}{subsection.5.1}% 39
\BOOKMARK [3][-]{subsubsection.5.1.2}{Possibilit\351 de nouvelle partie apr\350s la fin du jeu}{subsection.5.1}% 40
\BOOKMARK [3][-]{subsubsection.5.1.3}{Musique et effets sonores}{subsection.5.1}% 41
\BOOKMARK [3][-]{subsubsection.5.1.4}{R\351alisme et \351v\350nements historiques}{subsection.5.1}% 42
\BOOKMARK [3][-]{subsubsection.5.1.5}{Actions \351cologiques}{subsection.5.1}% 43
\BOOKMARK [2][-]{subsection.5.2}{Ce que m'a apport\351 ce travail de maturit\351}{section.5}% 44
\BOOKMARK [2][-]{subsection.5.3}{Continuation du jeu}{section.5}% 45
\BOOKMARK [1][-]{section*.3}{Annexes}{}% 46
\BOOKMARK [1][-]{Annexe.1.A}{La structure des fichiers du jeu}{}% 47
